{"C:\\Users\\David\\Desktop\\fourthYearProject\\frontend\\src\\app.js": {"path":"C:\\Users\\David\\Desktop\\fourthYearProject\\frontend\\src\\app.js","statementMap":{"0":{"start":{"line":1,"column":18},"end":{"line":1,"column":40}},"1":{"start":{"line":2,"column":14},"end":{"line":2,"column":32}},"2":{"start":{"line":3,"column":11},"end":{"line":3,"column":26}},"3":{"start":{"line":4,"column":19},"end":{"line":4,"column":43}},"4":{"start":{"line":5,"column":13},"end":{"line":5,"column":30}},"5":{"start":{"line":7,"column":18},"end":{"line":7,"column":43}},"6":{"start":{"line":8,"column":18},"end":{"line":8,"column":43}},"7":{"start":{"line":9,"column":10},"end":{"line":9,"column":19}},"8":{"start":{"line":12,"column":0},"end":{"line":12,"column":48}},"9":{"start":{"line":13,"column":0},"end":{"line":13,"column":30}},"10":{"start":{"line":15,"column":0},"end":{"line":15,"column":23}},"11":{"start":{"line":16,"column":0},"end":{"line":16,"column":24}},"12":{"start":{"line":17,"column":0},"end":{"line":17,"column":49}},"13":{"start":{"line":18,"column":0},"end":{"line":18,"column":24}},"14":{"start":{"line":19,"column":0},"end":{"line":19,"column":56}},"15":{"start":{"line":21,"column":0},"end":{"line":21,"column":26}},"16":{"start":{"line":22,"column":0},"end":{"line":22,"column":31}},"17":{"start":{"line":25,"column":0},"end":{"line":27,"column":3}},"18":{"start":{"line":26,"column":2},"end":{"line":26,"column":25}},"19":{"start":{"line":30,"column":0},"end":{"line":38,"column":3}},"20":{"start":{"line":32,"column":2},"end":{"line":32,"column":35}},"21":{"start":{"line":33,"column":2},"end":{"line":33,"column":69}},"22":{"start":{"line":36,"column":2},"end":{"line":36,"column":32}},"23":{"start":{"line":37,"column":2},"end":{"line":37,"column":22}},"24":{"start":{"line":40,"column":0},"end":{"line":43,"column":3}},"25":{"start":{"line":41,"column":15},"end":{"line":41,"column":56}},"26":{"start":{"line":42,"column":2},"end":{"line":42,"column":55}},"27":{"start":{"line":45,"column":0},"end":{"line":45,"column":21}}},"fnMap":{"0":{"name":"(anonymous_0)","decl":{"start":{"line":25,"column":8},"end":{"line":25,"column":9}},"loc":{"start":{"line":25,"column":33},"end":{"line":27,"column":1}},"line":25},"1":{"name":"(anonymous_1)","decl":{"start":{"line":30,"column":8},"end":{"line":30,"column":9}},"loc":{"start":{"line":30,"column":38},"end":{"line":38,"column":1}},"line":30},"2":{"name":"(anonymous_2)","decl":{"start":{"line":40,"column":17},"end":{"line":40,"column":18}},"loc":{"start":{"line":40,"column":36},"end":{"line":43,"column":1}},"line":40}},"branchMap":{"0":{"loc":{"start":{"line":33,"column":21},"end":{"line":33,"column":68}},"type":"cond-expr","locations":[{"start":{"line":33,"column":60},"end":{"line":33,"column":63}},{"start":{"line":33,"column":66},"end":{"line":33,"column":68}}],"line":33},"1":{"loc":{"start":{"line":36,"column":13},"end":{"line":36,"column":30}},"type":"binary-expr","locations":[{"start":{"line":36,"column":13},"end":{"line":36,"column":23}},{"start":{"line":36,"column":27},"end":{"line":36,"column":30}}],"line":36}},"s":{"0":1,"1":1,"2":1,"3":1,"4":1,"5":1,"6":1,"7":1,"8":1,"9":1,"10":1,"11":1,"12":1,"13":1,"14":1,"15":1,"16":1,"17":1,"18":0,"19":1,"20":0,"21":0,"22":0,"23":0,"24":1,"25":0,"26":0,"27":1},"f":{"0":0,"1":0,"2":0},"b":{"0":[0,0],"1":[0,0]},"_coverageSchema":"1a1c01bbd47fc00a2c39e90264f33305004495a9","hash":"b52706f5373978f271883114475447085f9a585a"}
,"C:\\Users\\David\\Desktop\\fourthYearProject\\frontend\\src\\bin\\https": {"path":"C:\\Users\\David\\Desktop\\fourthYearProject\\frontend\\src\\bin\\https","statementMap":{"0":{"start":{"line":3,"column":9},"end":{"line":3,"column":22}},"1":{"start":{"line":4,"column":12},"end":{"line":4,"column":28}},"2":{"start":{"line":5,"column":18},"end":{"line":5,"column":65}},"3":{"start":{"line":6,"column":18},"end":{"line":6,"column":66}},"4":{"start":{"line":7,"column":19},"end":{"line":7,"column":41}},"5":{"start":{"line":8,"column":21},"end":{"line":8,"column":45}},"6":{"start":{"line":10,"column":21},"end":{"line":10,"column":44}},"7":{"start":{"line":11,"column":20},"end":{"line":11,"column":42}},"8":{"start":{"line":12,"column":14},"end":{"line":12,"column":32}},"9":{"start":{"line":14,"column":18},"end":{"line":14,"column":47}},"10":{"start":{"line":17,"column":18},"end":{"line":17,"column":54}},"11":{"start":{"line":19,"column":10},"end":{"line":19,"column":27}},"12":{"start":{"line":20,"column":0},"end":{"line":20,"column":23}},"13":{"start":{"line":21,"column":0},"end":{"line":47,"column":3}},"14":{"start":{"line":22,"column":25},"end":{"line":37,"column":5}},"15":{"start":{"line":38,"column":17},"end":{"line":38,"column":35}},"16":{"start":{"line":39,"column":4},"end":{"line":41,"column":5}},"17":{"start":{"line":40,"column":8},"end":{"line":40,"column":61}},"18":{"start":{"line":43,"column":4},"end":{"line":43,"column":63}},"19":{"start":{"line":44,"column":4},"end":{"line":44,"column":78}},"20":{"start":{"line":45,"column":4},"end":{"line":45,"column":57}},"21":{"start":{"line":46,"column":4},"end":{"line":46,"column":18}},"22":{"start":{"line":49,"column":0},"end":{"line":49,"column":27}},"23":{"start":{"line":50,"column":0},"end":{"line":50,"column":51}},"24":{"start":{"line":51,"column":0},"end":{"line":51,"column":24}},"25":{"start":{"line":54,"column":0},"end":{"line":61,"column":3}},"26":{"start":{"line":56,"column":4},"end":{"line":59,"column":5}},"27":{"start":{"line":57,"column":8},"end":{"line":57,"column":96}},"28":{"start":{"line":58,"column":8},"end":{"line":58,"column":51}},"29":{"start":{"line":60,"column":4},"end":{"line":60,"column":11}},"30":{"start":{"line":62,"column":12},"end":{"line":62,"column":43}},"31":{"start":{"line":63,"column":15},"end":{"line":63,"column":35}},"32":{"start":{"line":69,"column":11},"end":{"line":69,"column":52}},"33":{"start":{"line":70,"column":0},"end":{"line":70,"column":22}},"34":{"start":{"line":76,"column":13},"end":{"line":76,"column":49}},"35":{"start":{"line":82,"column":0},"end":{"line":82,"column":20}},"36":{"start":{"line":83,"column":0},"end":{"line":83,"column":28}},"37":{"start":{"line":84,"column":0},"end":{"line":84,"column":36}},"38":{"start":{"line":91,"column":15},"end":{"line":91,"column":32}},"39":{"start":{"line":93,"column":4},"end":{"line":96,"column":5}},"40":{"start":{"line":95,"column":8},"end":{"line":95,"column":19}},"41":{"start":{"line":98,"column":4},"end":{"line":101,"column":5}},"42":{"start":{"line":100,"column":8},"end":{"line":100,"column":20}},"43":{"start":{"line":103,"column":4},"end":{"line":103,"column":17}},"44":{"start":{"line":111,"column":4},"end":{"line":113,"column":5}},"45":{"start":{"line":112,"column":8},"end":{"line":112,"column":20}},"46":{"start":{"line":115,"column":15},"end":{"line":117,"column":24}},"47":{"start":{"line":120,"column":4},"end":{"line":131,"column":5}},"48":{"start":{"line":122,"column":12},"end":{"line":122,"column":66}},"49":{"start":{"line":123,"column":12},"end":{"line":123,"column":28}},"50":{"start":{"line":124,"column":12},"end":{"line":124,"column":18}},"51":{"start":{"line":126,"column":12},"end":{"line":126,"column":55}},"52":{"start":{"line":127,"column":12},"end":{"line":127,"column":28}},"53":{"start":{"line":128,"column":12},"end":{"line":128,"column":18}},"54":{"start":{"line":130,"column":12},"end":{"line":130,"column":24}},"55":{"start":{"line":139,"column":15},"end":{"line":139,"column":31}},"56":{"start":{"line":140,"column":15},"end":{"line":142,"column":29}},"57":{"start":{"line":143,"column":4},"end":{"line":143,"column":34}},"58":{"start":{"line":147,"column":19},"end":{"line":147,"column":43}},"59":{"start":{"line":148,"column":9},"end":{"line":148,"column":32}},"60":{"start":{"line":149,"column":0},"end":{"line":233,"column":3}},"61":{"start":{"line":158,"column":4},"end":{"line":163,"column":7}},"62":{"start":{"line":159,"column":8},"end":{"line":159,"column":46}},"63":{"start":{"line":161,"column":8},"end":{"line":161,"column":29}},"64":{"start":{"line":162,"column":8},"end":{"line":162,"column":50}},"65":{"start":{"line":165,"column":4},"end":{"line":170,"column":7}},"66":{"start":{"line":166,"column":8},"end":{"line":166,"column":46}},"67":{"start":{"line":168,"column":8},"end":{"line":168,"column":29}},"68":{"start":{"line":169,"column":8},"end":{"line":169,"column":56}},"69":{"start":{"line":172,"column":4},"end":{"line":193,"column":7}},"70":{"start":{"line":173,"column":8},"end":{"line":173,"column":44}},"71":{"start":{"line":177,"column":8},"end":{"line":190,"column":9}},"72":{"start":{"line":178,"column":12},"end":{"line":187,"column":15}},"73":{"start":{"line":182,"column":16},"end":{"line":186,"column":19}},"74":{"start":{"line":183,"column":20},"end":{"line":183,"column":97}},"75":{"start":{"line":184,"column":20},"end":{"line":184,"column":43}},"76":{"start":{"line":185,"column":20},"end":{"line":185,"column":66}},"77":{"start":{"line":189,"column":12},"end":{"line":189,"column":58}},"78":{"start":{"line":195,"column":4},"end":{"line":216,"column":7}},"79":{"start":{"line":196,"column":8},"end":{"line":196,"column":71}},"80":{"start":{"line":198,"column":28},"end":{"line":198,"column":58}},"81":{"start":{"line":199,"column":25},"end":{"line":199,"column":86}},"82":{"start":{"line":200,"column":8},"end":{"line":200,"column":78}},"83":{"start":{"line":202,"column":8},"end":{"line":215,"column":9}},"84":{"start":{"line":203,"column":12},"end":{"line":203,"column":30}},"85":{"start":{"line":204,"column":12},"end":{"line":204,"column":76}},"86":{"start":{"line":205,"column":12},"end":{"line":205,"column":52}},"87":{"start":{"line":207,"column":15},"end":{"line":215,"column":9}},"88":{"start":{"line":208,"column":12},"end":{"line":208,"column":75}},"89":{"start":{"line":209,"column":12},"end":{"line":209,"column":51}},"90":{"start":{"line":210,"column":12},"end":{"line":210,"column":30}},"91":{"start":{"line":211,"column":12},"end":{"line":211,"column":51}},"92":{"start":{"line":212,"column":12},"end":{"line":212,"column":46}},"93":{"start":{"line":214,"column":12},"end":{"line":214,"column":38}},"94":{"start":{"line":218,"column":4},"end":{"line":227,"column":7}},"95":{"start":{"line":219,"column":21},"end":{"line":219,"column":43}},"96":{"start":{"line":220,"column":8},"end":{"line":226,"column":9}},"97":{"start":{"line":221,"column":12},"end":{"line":225,"column":15}},"98":{"start":{"line":222,"column":16},"end":{"line":224,"column":17}},"99":{"start":{"line":223,"column":20},"end":{"line":223,"column":59}},"100":{"start":{"line":229,"column":4},"end":{"line":231,"column":7}},"101":{"start":{"line":230,"column":8},"end":{"line":230,"column":36}},"102":{"start":{"line":235,"column":0},"end":{"line":235,"column":24}}},"fnMap":{"0":{"name":"(anonymous_0)","decl":{"start":{"line":21,"column":8},"end":{"line":21,"column":9}},"loc":{"start":{"line":21,"column":33},"end":{"line":47,"column":1}},"line":21},"1":{"name":"(anonymous_1)","decl":{"start":{"line":54,"column":8},"end":{"line":54,"column":9}},"loc":{"start":{"line":54,"column":34},"end":{"line":61,"column":1}},"line":54},"2":{"name":"normalizePort","decl":{"start":{"line":90,"column":9},"end":{"line":90,"column":22}},"loc":{"start":{"line":90,"column":28},"end":{"line":104,"column":1}},"line":90},"3":{"name":"onError","decl":{"start":{"line":110,"column":9},"end":{"line":110,"column":16}},"loc":{"start":{"line":110,"column":24},"end":{"line":132,"column":1}},"line":110},"4":{"name":"onListening","decl":{"start":{"line":138,"column":9},"end":{"line":138,"column":20}},"loc":{"start":{"line":138,"column":23},"end":{"line":144,"column":1}},"line":138},"5":{"name":"(anonymous_5)","decl":{"start":{"line":149,"column":28},"end":{"line":149,"column":29}},"loc":{"start":{"line":149,"column":45},"end":{"line":233,"column":1}},"line":149},"6":{"name":"(anonymous_6)","decl":{"start":{"line":158,"column":25},"end":{"line":158,"column":26}},"loc":{"start":{"line":158,"column":43},"end":{"line":163,"column":5}},"line":158},"7":{"name":"(anonymous_7)","decl":{"start":{"line":165,"column":28},"end":{"line":165,"column":29}},"loc":{"start":{"line":165,"column":46},"end":{"line":170,"column":5}},"line":165},"8":{"name":"(anonymous_8)","decl":{"start":{"line":172,"column":29},"end":{"line":172,"column":30}},"loc":{"start":{"line":172,"column":47},"end":{"line":193,"column":5}},"line":172},"9":{"name":"(anonymous_9)","decl":{"start":{"line":178,"column":112},"end":{"line":178,"column":113}},"loc":{"start":{"line":178,"column":145},"end":{"line":187,"column":13}},"line":178},"10":{"name":"(anonymous_10)","decl":{"start":{"line":182,"column":34},"end":{"line":182,"column":35}},"loc":{"start":{"line":182,"column":57},"end":{"line":186,"column":17}},"line":182},"11":{"name":"(anonymous_11)","decl":{"start":{"line":195,"column":32},"end":{"line":195,"column":33}},"loc":{"start":{"line":195,"column":47},"end":{"line":216,"column":5}},"line":195},"12":{"name":"(anonymous_12)","decl":{"start":{"line":218,"column":24},"end":{"line":218,"column":25}},"loc":{"start":{"line":218,"column":35},"end":{"line":227,"column":5}},"line":218},"13":{"name":"(anonymous_13)","decl":{"start":{"line":221,"column":32},"end":{"line":221,"column":33}},"loc":{"start":{"line":221,"column":50},"end":{"line":225,"column":13}},"line":221},"14":{"name":"(anonymous_14)","decl":{"start":{"line":229,"column":21},"end":{"line":229,"column":22}},"loc":{"start":{"line":229,"column":31},"end":{"line":231,"column":5}},"line":229}},"branchMap":{"0":{"loc":{"start":{"line":39,"column":4},"end":{"line":41,"column":5}},"type":"if","locations":[{"start":{"line":39,"column":4},"end":{"line":41,"column":5}},{"start":{"line":39,"column":4},"end":{"line":41,"column":5}}],"line":39},"1":{"loc":{"start":{"line":56,"column":4},"end":{"line":59,"column":5}},"type":"if","locations":[{"start":{"line":56,"column":4},"end":{"line":59,"column":5}},{"start":{"line":56,"column":4},"end":{"line":59,"column":5}}],"line":56},"2":{"loc":{"start":{"line":56,"column":7},"end":{"line":56,"column":80}},"type":"binary-expr","locations":[{"start":{"line":56,"column":7},"end":{"line":56,"column":37}},{"start":{"line":56,"column":41},"end":{"line":56,"column":80}}],"line":56},"3":{"loc":{"start":{"line":69,"column":25},"end":{"line":69,"column":51}},"type":"binary-expr","locations":[{"start":{"line":69,"column":25},"end":{"line":69,"column":41}},{"start":{"line":69,"column":45},"end":{"line":69,"column":51}}],"line":69},"4":{"loc":{"start":{"line":93,"column":4},"end":{"line":96,"column":5}},"type":"if","locations":[{"start":{"line":93,"column":4},"end":{"line":96,"column":5}},{"start":{"line":93,"column":4},"end":{"line":96,"column":5}}],"line":93},"5":{"loc":{"start":{"line":98,"column":4},"end":{"line":101,"column":5}},"type":"if","locations":[{"start":{"line":98,"column":4},"end":{"line":101,"column":5}},{"start":{"line":98,"column":4},"end":{"line":101,"column":5}}],"line":98},"6":{"loc":{"start":{"line":111,"column":4},"end":{"line":113,"column":5}},"type":"if","locations":[{"start":{"line":111,"column":4},"end":{"line":113,"column":5}},{"start":{"line":111,"column":4},"end":{"line":113,"column":5}}],"line":111},"7":{"loc":{"start":{"line":115,"column":15},"end":{"line":117,"column":24}},"type":"cond-expr","locations":[{"start":{"line":116,"column":10},"end":{"line":116,"column":24}},{"start":{"line":117,"column":10},"end":{"line":117,"column":24}}],"line":115},"8":{"loc":{"start":{"line":120,"column":4},"end":{"line":131,"column":5}},"type":"switch","locations":[{"start":{"line":121,"column":8},"end":{"line":124,"column":18}},{"start":{"line":125,"column":8},"end":{"line":128,"column":18}},{"start":{"line":129,"column":8},"end":{"line":130,"column":24}}],"line":120},"9":{"loc":{"start":{"line":140,"column":15},"end":{"line":142,"column":29}},"type":"cond-expr","locations":[{"start":{"line":141,"column":10},"end":{"line":141,"column":24}},{"start":{"line":142,"column":10},"end":{"line":142,"column":29}}],"line":140},"10":{"loc":{"start":{"line":177,"column":8},"end":{"line":190,"column":9}},"type":"if","locations":[{"start":{"line":177,"column":8},"end":{"line":190,"column":9}},{"start":{"line":177,"column":8},"end":{"line":190,"column":9}}],"line":177},"11":{"loc":{"start":{"line":199,"column":25},"end":{"line":199,"column":86}},"type":"cond-expr","locations":[{"start":{"line":199,"column":41},"end":{"line":199,"column":82}},{"start":{"line":199,"column":85},"end":{"line":199,"column":86}}],"line":199},"12":{"loc":{"start":{"line":202,"column":8},"end":{"line":215,"column":9}},"type":"if","locations":[{"start":{"line":202,"column":8},"end":{"line":215,"column":9}},{"start":{"line":202,"column":8},"end":{"line":215,"column":9}}],"line":202},"13":{"loc":{"start":{"line":207,"column":15},"end":{"line":215,"column":9}},"type":"if","locations":[{"start":{"line":207,"column":15},"end":{"line":215,"column":9}},{"start":{"line":207,"column":15},"end":{"line":215,"column":9}}],"line":207},"14":{"loc":{"start":{"line":222,"column":16},"end":{"line":224,"column":17}},"type":"if","locations":[{"start":{"line":222,"column":16},"end":{"line":224,"column":17}},{"start":{"line":222,"column":16},"end":{"line":224,"column":17}}],"line":222},"15":{"loc":{"start":{"line":222,"column":20},"end":{"line":222,"column":80}},"type":"binary-expr","locations":[{"start":{"line":222,"column":20},"end":{"line":222,"column":45}},{"start":{"line":222,"column":49},"end":{"line":222,"column":80}}],"line":222}},"s":{"0":1,"1":1,"2":1,"3":1,"4":1,"5":1,"6":1,"7":1,"8":1,"9":1,"10":1,"11":1,"12":1,"13":1,"14":0,"15":0,"16":0,"17":0,"18":0,"19":0,"20":0,"21":0,"22":1,"23":1,"24":1,"25":1,"26":0,"27":0,"28":0,"29":0,"30":1,"31":1,"32":1,"33":1,"34":1,"35":1,"36":1,"37":1,"38":1,"39":1,"40":0,"41":1,"42":1,"43":0,"44":0,"45":0,"46":0,"47":0,"48":0,"49":0,"50":0,"51":0,"52":0,"53":0,"54":0,"55":1,"56":1,"57":1,"58":1,"59":1,"60":1,"61":0,"62":0,"63":0,"64":0,"65":0,"66":0,"67":0,"68":0,"69":0,"70":0,"71":0,"72":0,"73":0,"74":0,"75":0,"76":0,"77":0,"78":0,"79":0,"80":0,"81":0,"82":0,"83":0,"84":0,"85":0,"86":0,"87":0,"88":0,"89":0,"90":0,"91":0,"92":0,"93":0,"94":0,"95":0,"96":0,"97":0,"98":0,"99":0,"100":0,"101":0,"102":1},"f":{"0":0,"1":0,"2":1,"3":0,"4":1,"5":0,"6":0,"7":0,"8":0,"9":0,"10":0,"11":0,"12":0,"13":0,"14":0},"b":{"0":[0,0],"1":[0,0],"2":[0,0],"3":[1,1],"4":[0,1],"5":[1,0],"6":[0,0],"7":[0,0],"8":[0,0,0],"9":[0,1],"10":[0,0],"11":[0,0],"12":[0,0],"13":[0,0],"14":[0,0],"15":[0,0]},"inputSourceMap":null,"_coverageSchema":"1a1c01bbd47fc00a2c39e90264f33305004495a9","hash":"97d12b3ffb8ca175df97d1635253257a8745f972"}
,"C:\\Users\\David\\Desktop\\fourthYearProject\\frontend\\src\\routes\\index.js": {"path":"C:\\Users\\David\\Desktop\\fourthYearProject\\frontend\\src\\routes\\index.js","statementMap":{"0":{"start":{"line":1,"column":14},"end":{"line":1,"column":32}},"1":{"start":{"line":2,"column":13},"end":{"line":2,"column":29}},"2":{"start":{"line":5,"column":0},"end":{"line":7,"column":3}},"3":{"start":{"line":6,"column":2},"end":{"line":6,"column":45}},"4":{"start":{"line":9,"column":0},"end":{"line":11,"column":3}},"5":{"start":{"line":10,"column":2},"end":{"line":10,"column":44}},"6":{"start":{"line":14,"column":0},"end":{"line":14,"column":24}}},"fnMap":{"0":{"name":"(anonymous_0)","decl":{"start":{"line":5,"column":16},"end":{"line":5,"column":17}},"loc":{"start":{"line":5,"column":41},"end":{"line":7,"column":1}},"line":5},"1":{"name":"(anonymous_1)","decl":{"start":{"line":9,"column":20},"end":{"line":9,"column":21}},"loc":{"start":{"line":9,"column":45},"end":{"line":11,"column":1}},"line":9}},"branchMap":{},"s":{"0":1,"1":1,"2":1,"3":1,"4":1,"5":0,"6":1},"f":{"0":1,"1":0},"b":{},"_coverageSchema":"1a1c01bbd47fc00a2c39e90264f33305004495a9","hash":"d769469a01906f99e6125cf014d165ad1710e41c"}
,"C:\\Users\\David\\Desktop\\fourthYearProject\\frontend\\src\\routes\\users.js": {"path":"C:\\Users\\David\\Desktop\\fourthYearProject\\frontend\\src\\routes\\users.js","statementMap":{"0":{"start":{"line":1,"column":14},"end":{"line":1,"column":32}},"1":{"start":{"line":2,"column":13},"end":{"line":2,"column":29}},"2":{"start":{"line":5,"column":0},"end":{"line":7,"column":3}},"3":{"start":{"line":6,"column":2},"end":{"line":6,"column":38}},"4":{"start":{"line":9,"column":0},"end":{"line":9,"column":24}}},"fnMap":{"0":{"name":"(anonymous_0)","decl":{"start":{"line":5,"column":16},"end":{"line":5,"column":17}},"loc":{"start":{"line":5,"column":41},"end":{"line":7,"column":1}},"line":5}},"branchMap":{},"s":{"0":1,"1":1,"2":1,"3":0,"4":1},"f":{"0":0},"b":{},"_coverageSchema":"1a1c01bbd47fc00a2c39e90264f33305004495a9","hash":"c721c2a7638e528739347fef70ef87b267ee8328"}
}
