TN:
SF:src\app.js
FN:25,(anonymous_0)
FN:30,(anonymous_1)
FN:40,(anonymous_2)
FNF:3
FNH:0
FNDA:0,(anonymous_0)
FNDA:0,(anonymous_1)
FNDA:0,(anonymous_2)
DA:1,1
DA:2,1
DA:3,1
DA:4,1
DA:5,1
DA:7,1
DA:8,1
DA:9,1
DA:12,1
DA:13,1
DA:15,1
DA:16,1
DA:17,1
DA:18,1
DA:19,1
DA:21,1
DA:22,1
DA:25,1
DA:26,0
DA:30,1
DA:32,0
DA:33,0
DA:36,0
DA:37,0
DA:40,1
DA:41,0
DA:42,0
DA:45,1
LF:28
LH:21
BRDA:33,0,0,0
BRDA:33,0,1,0
BRDA:36,1,0,0
BRDA:36,1,1,0
BRF:4
BRH:0
end_of_record
TN:
SF:src\bin\https
FN:21,(anonymous_0)
FN:54,(anonymous_1)
FN:90,normalizePort
FN:110,onError
FN:138,onListening
FN:149,(anonymous_5)
FN:158,(anonymous_6)
FN:165,(anonymous_7)
FN:172,(anonymous_8)
FN:178,(anonymous_9)
FN:182,(anonymous_10)
FN:195,(anonymous_11)
FN:218,(anonymous_12)
FN:221,(anonymous_13)
FN:229,(anonymous_14)
FNF:15
FNH:2
FNDA:0,(anonymous_0)
FNDA:0,(anonymous_1)
FNDA:1,normalizePort
FNDA:0,onError
FNDA:1,onListening
FNDA:0,(anonymous_5)
FNDA:0,(anonymous_6)
FNDA:0,(anonymous_7)
FNDA:0,(anonymous_8)
FNDA:0,(anonymous_9)
FNDA:0,(anonymous_10)
FNDA:0,(anonymous_11)
FNDA:0,(anonymous_12)
FNDA:0,(anonymous_13)
FNDA:0,(anonymous_14)
DA:3,1
DA:4,1
DA:5,1
DA:6,1
DA:7,1
DA:8,1
DA:10,1
DA:11,1
DA:12,1
DA:14,1
DA:17,1
DA:19,1
DA:20,1
DA:21,1
DA:22,0
DA:38,0
DA:39,0
DA:40,0
DA:43,0
DA:44,0
DA:45,0
DA:46,0
DA:49,1
DA:50,1
DA:51,1
DA:54,1
DA:56,0
DA:57,0
DA:58,0
DA:60,0
DA:62,1
DA:63,1
DA:69,1
DA:70,1
DA:76,1
DA:82,1
DA:83,1
DA:84,1
DA:91,1
DA:93,1
DA:95,0
DA:98,1
DA:100,1
DA:103,0
DA:111,0
DA:112,0
DA:115,0
DA:120,0
DA:122,0
DA:123,0
DA:124,0
DA:126,0
DA:127,0
DA:128,0
DA:130,0
DA:139,1
DA:140,1
DA:143,1
DA:147,1
DA:148,1
DA:149,1
DA:158,0
DA:159,0
DA:161,0
DA:162,0
DA:165,0
DA:166,0
DA:168,0
DA:169,0
DA:172,0
DA:173,0
DA:177,0
DA:178,0
DA:182,0
DA:183,0
DA:184,0
DA:185,0
DA:189,0
DA:195,0
DA:196,0
DA:198,0
DA:199,0
DA:200,0
DA:202,0
DA:203,0
DA:204,0
DA:205,0
DA:207,0
DA:208,0
DA:209,0
DA:210,0
DA:211,0
DA:212,0
DA:214,0
DA:218,0
DA:219,0
DA:220,0
DA:221,0
DA:222,0
DA:223,0
DA:229,0
DA:230,0
DA:235,1
LF:103
LH:37
BRDA:39,0,0,0
BRDA:39,0,1,0
BRDA:56,1,0,0
BRDA:56,1,1,0
BRDA:56,2,0,0
BRDA:56,2,1,0
BRDA:69,3,0,1
BRDA:69,3,1,1
BRDA:93,4,0,0
BRDA:93,4,1,1
BRDA:98,5,0,1
BRDA:98,5,1,0
BRDA:111,6,0,0
BRDA:111,6,1,0
BRDA:115,7,0,0
BRDA:115,7,1,0
BRDA:120,8,0,0
BRDA:120,8,1,0
BRDA:120,8,2,0
BRDA:140,9,0,0
BRDA:140,9,1,1
BRDA:177,10,0,0
BRDA:177,10,1,0
BRDA:199,11,0,0
BRDA:199,11,1,0
BRDA:202,12,0,0
BRDA:202,12,1,0
BRDA:207,13,0,0
BRDA:207,13,1,0
BRDA:222,14,0,0
BRDA:222,14,1,0
BRDA:222,15,0,0
BRDA:222,15,1,0
BRF:33
BRH:5
end_of_record
TN:
SF:src\routes\index.js
FN:5,(anonymous_0)
FN:9,(anonymous_1)
FNF:2
FNH:1
FNDA:1,(anonymous_0)
FNDA:0,(anonymous_1)
DA:1,1
DA:2,1
DA:5,1
DA:6,1
DA:9,1
DA:10,0
DA:14,1
LF:7
LH:6
BRF:0
BRH:0
end_of_record
TN:
SF:src\routes\users.js
FN:5,(anonymous_0)
FNF:1
FNH:0
FNDA:0,(anonymous_0)
DA:1,1
DA:2,1
DA:5,1
DA:6,0
DA:9,1
LF:5
LH:4
BRF:0
BRH:0
end_of_record
